Added Component: Designator=C1(CAPC2012X12N)
Add component. Clean all parameters for all variants
Added Component: Designator=C2(CAPC2012X12N)
Add component. Clean all parameters for all variants
Added Component: Designator=C3(CAPC2012X12N)
Add component. Clean all parameters for all variants
Added Component: Designator=C4(CAPC2012X12N)
Add component. Clean all parameters for all variants
Added Component: Designator=C5(CAPC2012X12N)
Add component. Clean all parameters for all variants
Added Component: Designator=D1(SODFL504X244-2N)
Add component. Clean all parameters for all variants
Added Component: Designator=P1(Point)
Add component. Clean all parameters for all variants
Added Component: Designator=P2(Point)
Add component. Clean all parameters for all variants
Added Component: Designator=P3(Point)
Add component. Clean all parameters for all variants
Added Component: Designator=P4(Point)
Add component. Clean all parameters for all variants
Added Component: Designator=P5(Point)
Add component. Clean all parameters for all variants
Added Component: Designator=P6(Point)
Add component. Clean all parameters for all variants
Added Component: Designator=P7(Point)
Add component. Clean all parameters for all variants
Added Component: Designator=Q1(SOT95P278X125-3N)
Add component. Clean all parameters for all variants
Add component (AddParameter): Name = "Supplier 1"; Value = "Digi-Key"; VariantName = "[No Variations]"
Add component (AddParameter): Name = "Supplier Part Number 1"; Value = "CR0603-JW-101ELFCT-ND"; VariantName = "[No Variations]"
Added Component: Designator=R1(RESC2608X06N_0603)
Add component. Clean all parameters for all variants
Add component (AddParameter): Name = "Supplier 1"; Value = "Digi-Key"; VariantName = "[No Variations]"
Add component (AddParameter): Name = "Supplier Part Number 1"; Value = "CR0603-JW-101ELFCT-ND"; VariantName = "[No Variations]"
Add component (AddParameter): Name = "Supplier 1"; Value = "Digi-Key"; VariantName = "[No Variations]"
Add component (AddParameter): Name = "Supplier Part Number 1"; Value = "541-10.0KSCT-ND"; VariantName = "[No Variations]"
Added Component: Designator=R2(RESC2608X06N_0603)
Add component. Clean all parameters for all variants
Add component (AddParameter): Name = "Supplier 1"; Value = "Digi-Key"; VariantName = "[No Variations]"
Add component (AddParameter): Name = "Supplier Part Number 1"; Value = "541-10.0KSCT-ND"; VariantName = "[No Variations]"
Add component (AddParameter): Name = "Supplier 1"; Value = "Digi-Key"; VariantName = "[No Variations]"
Add component (AddParameter): Name = "Supplier Part Number 1"; Value = "CR0603-JW-101ELFCT-ND"; VariantName = "[No Variations]"
Added Component: Designator=R3(RESC2608X06N_0603)
Add component. Clean all parameters for all variants
Add component (AddParameter): Name = "Supplier 1"; Value = "Digi-Key"; VariantName = "[No Variations]"
Add component (AddParameter): Name = "Supplier Part Number 1"; Value = "CR0603-JW-101ELFCT-ND"; VariantName = "[No Variations]"
Add component (AddParameter): Name = "Supplier 1"; Value = "Digi-Key"; VariantName = "[No Variations]"
Add component (AddParameter): Name = "Supplier Part Number 1"; Value = "CR0603-JW-101ELFCT-ND"; VariantName = "[No Variations]"
Added Component: Designator=R4(RESC2608X06N_0603)
Add component. Clean all parameters for all variants
Add component (AddParameter): Name = "Supplier 1"; Value = "Digi-Key"; VariantName = "[No Variations]"
Add component (AddParameter): Name = "Supplier Part Number 1"; Value = "CR0603-JW-101ELFCT-ND"; VariantName = "[No Variations]"
Add component (AddParameter): Name = "Supplier 1"; Value = "Digi-Key"; VariantName = "[No Variations]"
Add component (AddParameter): Name = "Supplier Part Number 1"; Value = "CR0603-JW-101ELFCT-ND"; VariantName = "[No Variations]"
Added Component: Designator=R5(RESC2608X06N_0603)
Add component. Clean all parameters for all variants
Add component (AddParameter): Name = "Supplier 1"; Value = "Digi-Key"; VariantName = "[No Variations]"
Add component (AddParameter): Name = "Supplier Part Number 1"; Value = "CR0603-JW-101ELFCT-ND"; VariantName = "[No Variations]"
Added Component: Designator=U1(SOT89-150P409X160-3N)
Add component. Clean all parameters for all variants
Add component (AddParameter): Name = "Supplier 1"; Value = "Digi-Key"; VariantName = "[No Variations]"
Add component (AddParameter): Name = "Supplier Part Number 1"; Value = "MAX485CSA+-ND"; VariantName = "[No Variations]"
Added Component: Designator=U2(TSOP127P620X155-8N)
Add component. Clean all parameters for all variants
Add component (AddParameter): Name = "Supplier 1"; Value = "Digi-Key"; VariantName = "[No Variations]"
Add component (AddParameter): Name = "Supplier Part Number 1"; Value = "MAX485CSA+-ND"; VariantName = "[No Variations]"
Added Pin To Net: NetName=CT Pin=C5-2
Added Pin To Net: NetName=CT Pin=R5-1
Added Pin To Net: NetName=CT Pin=U2-7
Added Net: Name=CT
Added Pin To Net: NetName=GND Pin=C1-1
Added Pin To Net: NetName=GND Pin=C4-1
Added Pin To Net: NetName=GND Pin=C5-1
Added Pin To Net: NetName=GND Pin=P2-1
Added Pin To Net: NetName=GND Pin=P7-1
Added Pin To Net: NetName=GND Pin=Q1-2
Added Pin To Net: NetName=GND Pin=R4-1
Added Pin To Net: NetName=GND Pin=U1-1
Added Pin To Net: NetName=GND Pin=U2-5
Added Net: Name=GND
Added Pin To Net: NetName=NetC2_1 Pin=C2-1
Added Pin To Net: NetName=NetC2_1 Pin=R1-1
Added Pin To Net: NetName=NetC2_1 Pin=R2-2
Added Pin To Net: NetName=NetC2_1 Pin=U2-2
Added Net: Name=NetC2_1
Added Pin To Net: NetName=NetC2_2 Pin=C2-2
Added Pin To Net: NetName=NetC2_2 Pin=R1-2
Added Pin To Net: NetName=NetC2_2 Pin=U2-1
Added Net: Name=NetC2_2
Added Pin To Net: NetName=NetC3_1 Pin=C3-1
Added Pin To Net: NetName=NetC3_1 Pin=R2-1
Added Net: Name=NetC3_1
Added Pin To Net: NetName=NetC3_2 Pin=C3-2
Added Pin To Net: NetName=NetC3_2 Pin=C4-2
Added Pin To Net: NetName=NetC3_2 Pin=P5-1
Added Pin To Net: NetName=NetC3_2 Pin=R4-2
Added Net: Name=NetC3_2
Added Pin To Net: NetName=NetD1_1 Pin=D1-1
Added Pin To Net: NetName=NetD1_1 Pin=U1-3
Added Net: Name=NetD1_1
Added Pin To Net: NetName=NetP3_1 Pin=P3-1
Added Pin To Net: NetName=NetP3_1 Pin=Q1-3
Added Net: Name=NetP3_1
Added Pin To Net: NetName=NetQ1_1 Pin=Q1-1
Added Pin To Net: NetName=NetQ1_1 Pin=R3-2
Added Net: Name=NetQ1_1
Added Pin To Net: NetName=NetR3_1 Pin=R3-1
Added Pin To Net: NetName=NetR3_1 Pin=U2-6
Added Net: Name=NetR3_1
Added Pin To Net: NetName=VCC_5V Pin=C1-2
Added Pin To Net: NetName=VCC_5V Pin=P4-1
Added Pin To Net: NetName=VCC_5V Pin=R5-2
Added Pin To Net: NetName=VCC_5V Pin=U1-2
Added Pin To Net: NetName=VCC_5V Pin=U2-3
Added Pin To Net: NetName=VCC_5V Pin=U2-4
Added Pin To Net: NetName=VCC_5V Pin=U2-8
Added Net: Name=VCC_5V
Added Pin To Net: NetName=VCC_12V Pin=D1-2
Added Pin To Net: NetName=VCC_12V Pin=P1-1
Added Pin To Net: NetName=VCC_12V Pin=P6-1
Added Net: Name=VCC_12V
Added Class: Name=PIR
Added Room: Name=PIR
