Replace Part C1 Capacitor 106 in E:\DATA\03-DuAn\01-LedProject\LedController\03-Hardware\02-LedDimming\LedDimming.SchDoc with Capacitor 106 from Integrated_Library1.IntLib
Replace Part C2 Capacitor 104 0603 in E:\DATA\03-DuAn\01-LedProject\LedController\03-Hardware\02-LedDimming\LedDimming.SchDoc with Capacitor 104 0603 from Integrated_Library1.IntLib
Replace Part D1 1N4007_SMD Diode in E:\DATA\03-DuAn\01-LedProject\LedController\03-Hardware\02-LedDimming\LedDimming.SchDoc with 1N4007_SMD Diode from Integrated_Library1.IntLib
Replace Part D2 1N4148_SMD in E:\DATA\03-DuAn\01-LedProject\LedController\03-Hardware\02-LedDimming\LedDimming.SchDoc with 1N4148_SMD from Integrated_Library1.IntLib
Replace Part D3 LED0603 in E:\DATA\03-DuAn\01-LedProject\LedController\03-Hardware\02-LedDimming\LedDimming.SchDoc with LED0603 from Integrated_Library1.IntLib
Replace Part D4 LED IR 3mm in E:\DATA\03-DuAn\01-LedProject\LedController\03-Hardware\02-LedDimming\LedDimming.SchDoc with LED IR 3mm from Integrated_Library1.IntLib
Replace Part P1 Point in E:\DATA\03-DuAn\01-LedProject\LedController\03-Hardware\02-LedDimming\LedDimming.SchDoc with Point from Integrated_Library1.IntLib
Replace Part P2 Point in E:\DATA\03-DuAn\01-LedProject\LedController\03-Hardware\02-LedDimming\LedDimming.SchDoc with Point from Integrated_Library1.IntLib
Replace Part P3 Point in E:\DATA\03-DuAn\01-LedProject\LedController\03-Hardware\02-LedDimming\LedDimming.SchDoc with Point from Integrated_Library1.IntLib
Replace Part P4 Point in E:\DATA\03-DuAn\01-LedProject\LedController\03-Hardware\02-LedDimming\LedDimming.SchDoc with Point from Integrated_Library1.IntLib
Replace Part P5 Point in E:\DATA\03-DuAn\01-LedProject\LedController\03-Hardware\02-LedDimming\LedDimming.SchDoc with Point from Integrated_Library1.IntLib
Replace Part P6 Point in E:\DATA\03-DuAn\01-LedProject\LedController\03-Hardware\02-LedDimming\LedDimming.SchDoc with Point from Integrated_Library1.IntLib
Replace Part P7 Point in E:\DATA\03-DuAn\01-LedProject\LedController\03-Hardware\02-LedDimming\LedDimming.SchDoc with Point from Integrated_Library1.IntLib
Replace Part P8 Point in E:\DATA\03-DuAn\01-LedProject\LedController\03-Hardware\02-LedDimming\LedDimming.SchDoc with Point from Integrated_Library1.IntLib
Replace Part Q1 AO3400  MOSFET SOT23-3 in E:\DATA\03-DuAn\01-LedProject\LedController\03-Hardware\02-LedDimming\LedDimming.SchDoc with AO3400  MOSFET SOT23-3 from Integrated_Library1.IntLib
Replace Part Q2 LED IR 3mm in E:\DATA\03-DuAn\01-LedProject\LedController\03-Hardware\02-LedDimming\LedDimming.SchDoc with LED IR 3mm from Integrated_Library1.IntLib
Replace Part Q3 Transitor C1815 NPN in E:\DATA\03-DuAn\01-LedProject\LedController\03-Hardware\02-LedDimming\LedDimming.SchDoc with Transitor C1815 NPN from Integrated_Library1.IntLib
Replace Part R1 1k_0603_5% in E:\DATA\03-DuAn\01-LedProject\LedController\03-Hardware\02-LedDimming\LedDimming.SchDoc with 1k_0603_5% from Integrated_Library1.IntLib
Replace Part R2 R10k_0603_5% in E:\DATA\03-DuAn\01-LedProject\LedController\03-Hardware\02-LedDimming\LedDimming.SchDoc with R10k_0603_5% from Integrated_Library1.IntLib
Replace Part R3 R10k_0603_5% in E:\DATA\03-DuAn\01-LedProject\LedController\03-Hardware\02-LedDimming\LedDimming.SchDoc with R10k_0603_5% from Integrated_Library1.IntLib
Replace Part R4 1k_0603_5% in E:\DATA\03-DuAn\01-LedProject\LedController\03-Hardware\02-LedDimming\LedDimming.SchDoc with 1k_0603_5% from Integrated_Library1.IntLib
Replace Part R5 1k_0603_5% in E:\DATA\03-DuAn\01-LedProject\LedController\03-Hardware\02-LedDimming\LedDimming.SchDoc with 1k_0603_5% from Integrated_Library1.IntLib
Replace Part R6 R100_0603_5% in E:\DATA\03-DuAn\01-LedProject\LedController\03-Hardware\02-LedDimming\LedDimming.SchDoc with R100_0603_5% from Integrated_Library1.IntLib
Replace Part R7 Varistor 3x3 SMD 1KOhm in E:\DATA\03-DuAn\01-LedProject\LedController\03-Hardware\02-LedDimming\LedDimming.SchDoc with Varistor 3x3 SMD 1KOhm from Integrated_Library1.IntLib
Replace Part U1 CJA1117B-5.0 SOT89 in E:\DATA\03-DuAn\01-LedProject\LedController\03-Hardware\02-LedDimming\LedDimming.SchDoc with CJA1117B-5.0 SOT89 from Integrated_Library1.IntLib
Replace Part U2 STM8S003 in E:\DATA\03-DuAn\01-LedProject\LedController\03-Hardware\02-LedDimming\LedDimming.SchDoc with STM8S003 from Integrated_Library1.IntLib
